1539695486117	mozrunner::runner	INFO	Running command: "C:\\Program Files\\Mozilla Firefox\\firefox.exe" "-marionette" "-foreground" "-no-remote" "-profile" "C:\\Users\\ADMINI~1\\AppData\\Local\\Temp\\rust_mozprofile.s7odG4aPMuQZ"
1539695502362	Marionette	INFO	Listening on port 58331
1539695502832	Marionette	WARN	TLS certificate errors will be ignored for this session
1539695502954	Marionette	DEBUG	[4294967297] Frame script loaded
1539695502975	Marionette	DEBUG	[4294967297] Frame script registered
[Child 5968, Chrome_ChildThread] WARNING: pipe error: 109: file z:/build/build/src/ipc/chromium/src/chrome/common/ipc_channel_win.cc, line 346
[Child 5968, Chrome_ChildThread] WARNING: pipe error: 109: file z:/build/build/src/ipc/chromium/src/chrome/common/ipc_channel_win.cc, line 346
[Child 6036, Chrome_ChildThread] WARNING: pipe error: 109: file z:/build/build/src/ipc/chromium/src/chrome/common/ipc_channel_win.cc, line 346
[Parent 1756, Gecko_IOThread] WARNING: pipe error: 109: file z:/build/build/src/ipc/chromium/src/chrome/common/ipc_channel_win.cc, line 346
[Child 5656, Chrome_ChildThread] WARNING: pipe error: 109: file z:/build/build/src/ipc/chromium/src/chrome/common/ipc_channel_win.cc, line 346
1539695544135	Marionette	INFO	Stopped listening on port 58331
1539695645286	mozrunner::runner	INFO	Running command: "C:\\Program Files\\Mozilla Firefox\\firefox.exe" "-marionette" "-foreground" "-no-remote" "-profile" "C:\\Users\\ADMINI~1\\AppData\\Local\\Temp\\rust_mozprofile.xk9YKDehTitH"
1539695651616	Marionette	INFO	Listening on port 59090
1539695651900	Marionette	WARN	TLS certificate errors will be ignored for this session
1539695651934	Marionette	DEBUG	[6442450945] Frame script loaded
1539695651941	Marionette	DEBUG	[6442450945] Frame script registered
1539695651961	Marionette	DEBUG	[6442450945] Received DOM event beforeunload for about:blank
1539695656209	Marionette	DEBUG	[6442450945] Received DOM event pagehide for about:blank
1539695657885	Marionette	DEBUG	[6442450945] Received DOM event DOMContentLoaded for https://www.zhihu.com/signup?next=%2F
1539695658507	Marionette	DEBUG	[6442450945] Received DOM event pageshow for https://www.zhihu.com/signup?next=%2F
[Parent 5280, Gecko_IOThread] WARNING: pipe error: 109: file z:/build/build/src/ipc/chromium/src/chrome/common/ipc_channel_win.cc, line 346
[Parent 5280, Gecko_IOThread] WARNING: pipe error: 109: file z:/build/build/src/ipc/chromium/src/chrome/common/ipc_channel_win.cc, line 346
[Child 1676, Chrome_ChildThread] WARNING: pipe error: 109: file z:/build/build/src/ipc/chromium/src/chrome/common/ipc_channel_win.cc, line 346
[Child 4556, Chrome_ChildThread] WARNING: pipe error: 109: file z:/build/build/src/ipc/chromium/src/chrome/common/ipc_channel_win.cc, line 346
[Parent 5280, Gecko_IOThread] WARNING: pipe error: 109: file z:/build/build/src/ipc/chromium/src/chrome/common/ipc_channel_win.cc, line 346
[Child 5568, Chrome_ChildThread] WARNING: pipe error: 109: file z:/build/build/src/ipc/chromium/src/chrome/common/ipc_channel_win.cc, line 346
1539695685231	Marionette	INFO	Stopped listening on port 59090
1539695725794	mozrunner::runner	INFO	Running command: "C:\\Program Files\\Mozilla Firefox\\firefox.exe" "-marionette" "-foreground" "-no-remote" "-profile" "C:\\Users\\ADMINI~1\\AppData\\Local\\Temp\\rust_mozprofile.PwAgTZk3Z4lc"
1539695731871	Marionette	INFO	Listening on port 59469
1539695732319	Marionette	WARN	TLS certificate errors will be ignored for this session
1539695732356	Marionette	DEBUG	[6442450945] Frame script loaded
1539695732363	Marionette	DEBUG	[6442450945] Frame script registered
1539695732380	Marionette	DEBUG	[6442450945] Received DOM event beforeunload for about:blank
1539695737599	Marionette	DEBUG	[6442450945] Received DOM event pagehide for about:blank
1539695738221	Marionette	DEBUG	[6442450945] Received DOM event DOMContentLoaded for https://www.zhihu.com/signup?next=%2F
1539695738516	Marionette	DEBUG	[6442450945] Received DOM event pageshow for https://www.zhihu.com/signup?next=%2F
1539695739134	Marionette	DEBUG	[6442450945] Canceled page load listener because no navigation has been detected
[Parent 5220, Gecko_IOThread] WARNING: pipe error: 109: file z:/build/build/src/ipc/chromium/src/chrome/common/ipc_channel_win.cc, line 346
[Child 5492, Chrome_ChildThread] WARNING: pipe error: 109: file z:/build/build/src/ipc/chromium/src/chrome/common/ipc_channel_win.cc, line 346
[Parent 5220, Gecko_IOThread] WARNING: pipe error: 109: file z:/build/build/src/ipc/chromium/src/chrome/common/ipc_channel_win.cc, line 346
[Child 5844, Chrome_ChildThread] WARNING: pipe error: 109: file z:/build/build/src/ipc/chromium/src/chrome/common/ipc_channel_win.cc, line 346
[Child 5844, Chrome_ChildThread] WARNING: pipe error: 109: file z:/build/build/src/ipc/chromium/src/chrome/common/ipc_channel_win.cc, line 346
[Parent 5220, Gecko_IOThread] WARNING: pipe error: 109: file z:/build/build/src/ipc/chromium/src/chrome/common/ipc_channel_win.cc, line 346
[Child 4100, Chrome_ChildThread] WARNING: pipe error: 109: file z:/build/build/src/ipc/chromium/src/chrome/common/ipc_channel_win.cc, line 346
[Child 4100, Chrome_ChildThread] WARNING: pipe error: 109: file z:/build/build/src/ipc/chromium/src/chrome/common/ipc_channel_win.cc, line 346
1539695860220	Marionette	INFO	Stopped listening on port 59469
1539695864452	mozrunner::runner	INFO	Running command: "C:\\Program Files\\Mozilla Firefox\\firefox.exe" "-marionette" "-foreground" "-no-remote" "-profile" "C:\\Users\\ADMINI~1\\AppData\\Local\\Temp\\rust_mozprofile.1rRSCVmZGdVB"
1539695869860	Marionette	INFO	Listening on port 60040
1539695869895	Marionette	WARN	TLS certificate errors will be ignored for this session
1539695869944	Marionette	DEBUG	[6442450945] Frame script loaded
1539695869950	Marionette	DEBUG	[6442450945] Frame script registered
1539695869989	Marionette	DEBUG	[6442450945] Received DOM event beforeunload for about:blank
1539695873320	Marionette	DEBUG	[6442450945] Received DOM event pagehide for about:blank
1539695874037	Marionette	DEBUG	[6442450945] Received DOM event DOMContentLoaded for https://www.zhihu.com/signup?next=%2F
1539695876219	Marionette	DEBUG	[6442450945] Received DOM event pageshow for https://www.zhihu.com/signup?next=%2F
1539695876509	Marionette	DEBUG	[6442450945] Canceled page load listener because no navigation has been detected
[Parent 5156, Gecko_IOThread] WARNING: pipe error: 109: file z:/build/build/src/ipc/chromium/src/chrome/common/ipc_channel_win.cc, line 346
[Parent 5156, Gecko_IOThread] WARNING: pipe error: 109: file z:/build/build/src/ipc/chromium/src/chrome/common/ipc_channel_win.cc, line 346
[Child 3152, Chrome_ChildThread] WARNING: pipe error: 109: file z:/build/build/src/ipc/chromium/src/chrome/common/ipc_channel_win.cc, line 346
[Child 3152, Chrome_ChildThread] WARNING: pipe error: 109: file z:/build/build/src/ipc/chromium/src/chrome/common/ipc_channel_win.cc, line 346
[Child 5656, Chrome_ChildThread] WARNING: pipe error: 109: file z:/build/build/src/ipc/chromium/src/chrome/common/ipc_channel_win.cc, line 346
[Child 5760, Chrome_ChildThread] WARNING: pipe error: 109: file z:/build/build/src/ipc/chromium/src/chrome/common/ipc_channel_win.cc, line 346
1539695943872	Marionette	INFO	Stopped listening on port 60040
1539695949544	mozrunner::runner	INFO	Running command: "C:\\Program Files\\Mozilla Firefox\\firefox.exe" "-marionette" "-foreground" "-no-remote" "-profile" "C:\\Users\\ADMINI~1\\AppData\\Local\\Temp\\rust_mozprofile.SMK6ZetDpLtj"
1539695956225	Marionette	INFO	Listening on port 60401
1539695956751	Marionette	WARN	TLS certificate errors will be ignored for this session
1539695956784	Marionette	DEBUG	[6442450945] Frame script loaded
1539695956790	Marionette	DEBUG	[6442450945] Frame script registered
1539695956809	Marionette	DEBUG	[6442450945] Received DOM event beforeunload for about:blank
1539695960022	Marionette	DEBUG	[6442450945] Received DOM event pagehide for about:blank
1539695960553	Marionette	DEBUG	[6442450945] Received DOM event DOMContentLoaded for https://www.zhihu.com/signup?next=%2F
1539695960826	Marionette	DEBUG	[6442450945] Received DOM event pageshow for https://www.zhihu.com/signup?next=%2F
1539695961132	Marionette	DEBUG	[6442450945] Canceled page load listener because no navigation has been detected
[Parent 4280, Gecko_IOThread] WARNING: pipe error: 109: file z:/build/build/src/ipc/chromium/src/chrome/common/ipc_channel_win.cc, line 346
[Child 2084, Chrome_ChildThread] WARNING: pipe error: 109: file z:/build/build/src/ipc/chromium/src/chrome/common/ipc_channel_win.cc, line 346
[Child 4712, Chrome_ChildThread] WARNING: pipe error: 109: file z:/build/build/src/ipc/chromium/src/chrome/common/ipc_channel_win.cc, line 346
[Parent 4280, Gecko_IOThread] WARNING: pipe error: 109: file z:/build/build/src/ipc/chromium/src/chrome/common/ipc_channel_win.cc, line 346
[Child 3912, Chrome_ChildThread] WARNING: pipe error: 109: file z:/build/build/src/ipc/chromium/src/chrome/common/ipc_channel_win.cc, line 346
1539696004468	Marionette	INFO	Stopped listening on port 60401
1539696110175	mozrunner::runner	INFO	Running command: "C:\\Program Files\\Mozilla Firefox\\firefox.exe" "-marionette" "-foreground" "-no-remote" "-profile" "C:\\Users\\ADMINI~1\\AppData\\Local\\Temp\\rust_mozprofile.OjclHMJDk2cM"
1539696115853	Marionette	INFO	Listening on port 60902
1539696116193	Marionette	WARN	TLS certificate errors will be ignored for this session
1539696116225	Marionette	DEBUG	[6442450945] Frame script loaded
1539696116232	Marionette	DEBUG	[6442450945] Frame script registered
1539696116252	Marionette	DEBUG	[6442450945] Received DOM event beforeunload for about:blank
1539696119715	Marionette	DEBUG	[6442450945] Received DOM event pagehide for about:blank
1539696120395	Marionette	DEBUG	[6442450945] Received DOM event DOMContentLoaded for https://www.zhihu.com/signup?next=%2F
1539696120744	Marionette	DEBUG	[6442450945] Received DOM event pageshow for https://www.zhihu.com/signup?next=%2F
1539696121044	Marionette	DEBUG	[6442450945] Canceled page load listener because no navigation has been detected
1539696131671	Marionette	DEBUG	[6442450945] Canceled page load listener because no navigation has been detected
[Parent 5220, Gecko_IOThread] WARNING: pipe error: 109: file z:/build/build/src/ipc/chromium/src/chrome/common/ipc_channel_win.cc, line 346
[Child 4236, Chrome_ChildThread] WARNING: pipe error: 109: file z:/build/build/src/ipc/chromium/src/chrome/common/ipc_channel_win.cc, line 346
[Child 4236, Chrome_ChildThread] WARNING: pipe error: 109: file z:/build/build/src/ipc/chromium/src/chrome/common/ipc_channel_win.cc, line 346
[Parent 5220, Gecko_IOThread] WARNING: pipe error: 109: file z:/build/build/src/ipc/chromium/src/chrome/common/ipc_channel_win.cc, line 346
[Child 6004, Chrome_ChildThread] WARNING: pipe error: 109: file z:/build/build/src/ipc/chromium/src/chrome/common/ipc_channel_win.cc, line 346
[Child 6004, Chrome_ChildThread] WARNING: pipe error: 109: file z:/build/build/src/ipc/chromium/src/chrome/common/ipc_channel_win.cc, line 346
1539696142273	Marionette	INFO	Stopped listening on port 60902
